2025-02-08 12:07:02,710 - INFO - Fetching stock data for VND from 2024-08-12 to 2025-02-08...
2025-02-08 12:07:03,837 - INFO - Successfully fetched 250 rows of data for VND.
2025-02-08 12:07:03,850 - INFO - Last 5 rows of the data from Vnstock:
          time   open   high    low  close    volume
245 2025-02-03  11.95  11.95  11.60  11.60  13603604
246 2025-02-04  11.75  12.40  11.70  12.40  19398838
247 2025-02-05  12.60  12.75  12.35  12.45  15799792
248 2025-02-06  12.60  13.15  12.55  12.90  21492845
249 2025-02-07  13.00  13.00  12.70  12.80   7695824
2025-02-08 12:07:33,888 - INFO - Fetching stock data for VND from 2024-08-12 to 2025-02-08...
2025-02-08 12:07:34,589 - INFO - Successfully fetched 250 rows of data for VND.
2025-02-08 12:07:34,619 - INFO - Last 5 rows of the data from Vnstock:
          time   open   high    low  close    volume
245 2025-02-03  11.95  11.95  11.60  11.60  13603604
246 2025-02-04  11.75  12.40  11.70  12.40  19398838
247 2025-02-05  12.60  12.75  12.35  12.45  15799792
248 2025-02-06  12.60  13.15  12.55  12.90  21492845
249 2025-02-07  13.00  13.00  12.70  12.80   7695824
2025-02-08 12:08:26,793 - INFO - Successfully fetched 1500 rows of data for VND.
2025-02-08 12:09:14,617 - INFO - Successfully fetched 1500 rows of data for VND.
2025-02-08 12:13:41,056 - INFO - Successfully fetched 1500 rows of data for VND.
2025-02-08 20:58:59,061 - INFO - Fetching stock data for VND from 2024-08-12 to 2025-02-08...
2025-02-08 20:59:01,274 - INFO - Successfully fetched 250 rows of data for VND.
2025-02-08 20:59:01,298 - INFO - Last 5 rows of the data from Vnstock:
          time   open   high    low  close    volume
245 2025-02-03  11.95  11.95  11.60  11.60  13603604
246 2025-02-04  11.75  12.40  11.70  12.40  19398838
247 2025-02-05  12.60  12.75  12.35  12.45  15799792
248 2025-02-06  12.60  13.15  12.55  12.90  21492845
249 2025-02-07  13.00  13.00  12.70  12.80   7695824
2025-02-08 20:59:27,905 - INFO - Fetching stock data for PVD from 2024-08-12 to 2025-02-08...
2025-02-08 20:59:29,099 - INFO - Successfully fetched 250 rows of data for PVD.
2025-02-08 20:59:29,117 - INFO - Last 5 rows of the data from Vnstock:
          time   open   high    low  close   volume
245 2025-02-03  23.50  23.50  22.95  23.40  3915417
246 2025-02-04  23.40  23.60  23.25  23.60  2541014
247 2025-02-05  23.75  24.10  23.65  23.65  4009306
248 2025-02-06  23.65  24.00  23.60  23.75  3264239
249 2025-02-07  23.75  23.85  23.45  23.65  2018337
2025-02-08 20:59:35,584 - INFO - Successfully fetched 1500 rows of data for PVD.
